<?xml version="1.0" encoding="UTF-8"?>
<!-- Generated by org.testng.reporters.JUnitXMLReporter -->
<testsuite ignored="1" hostname="DESKTOP-OL7ELR1" failures="0" tests="2" name="Test" time="0.066" errors="0" timestamp="2022-08-19T13:52:19 IST">
  <testcase classname="allCommonPractice.TestNGAnnotations" name="class1test1" time="0.01"/>
  <testcase classname="allCommonPractice.TestNGAnnotations" name="class1test3" time="0.004"/>
  <testcase classname="allCommonPractice.TestNGAnnotations" name="class1test2" time="0.0">
    <ignored/>
  </testcase> <!-- class1test2 -->
</testsuite> <!-- Test -->
