<?xml version="1.0" encoding="UTF-8"?>
<testng-results ignored="0" total="1" passed="1" failed="0" skipped="0">
  <reporter-output>
  </reporter-output>
  <suite started-at="2022-11-10T09:38:08 IST" name="Default suite" finished-at="2022-11-10T09:38:22 IST" duration-ms="14056">
    <groups>
    </groups>
    <test started-at="2022-11-10T09:38:08 IST" name="Default test" finished-at="2022-11-10T09:38:22 IST" duration-ms="14056">
      <class name="com.magento.test.TC_MoreProduct_003">
        <test-method signature="productCount()[pri:0, instance:com.magento.test.TC_MoreProduct_003@3d680b5a]" started-at="2022-11-10T09:38:08 IST" name="productCount" finished-at="2022-11-10T09:38:22 IST" duration-ms="14003" status="PASS">
          <reporter-output>
          </reporter-output>
        </test-method> <!-- productCount -->
      </class> <!-- com.magento.test.TC_MoreProduct_003 -->
    </test> <!-- Default test -->
  </suite> <!-- Default suite -->
</testng-results>
